[debug] [2026-02-16T20:02:42.891Z] ----------------------------------------------------------------------
[debug] [2026-02-16T20:02:42.920Z] Command:       C:\Program Files\nodejs\node.exe C:\Users\bhumi\AppData\Roaming\npm\node_modules\firebase-tools\lib\bin\firebase.js deploy --only functions
[debug] [2026-02-16T20:02:42.921Z] CLI Version:   15.5.1
[debug] [2026-02-16T20:02:42.921Z] Platform:      win32
[debug] [2026-02-16T20:02:42.921Z] Node Version:  v22.14.0
[debug] [2026-02-16T20:02:42.927Z] Time:          Tue Feb 17 2026 01:32:42 GMT+0530 (India Standard Time)
[debug] [2026-02-16T20:02:42.928Z] ----------------------------------------------------------------------
[debug] 
[debug] [2026-02-16T20:02:50.159Z] > command requires scopes: ["email","openid","https://www.googleapis.com/auth/cloudplatformprojects.readonly","https://www.googleapis.com/auth/firebase","https://www.googleapis.com/auth/cloud-platform"]
[debug] [2026-02-16T20:02:50.160Z] > authorizing via signed-in user (markoverseas28@gmail.com)
[debug] [2026-02-16T20:02:50.160Z] [iam] checking project mark-overseas for permissions ["cloudfunctions.functions.create","cloudfunctions.functions.delete","cloudfunctions.functions.get","cloudfunctions.functions.list","cloudfunctions.functions.update","cloudfunctions.operations.get","firebase.projects.get"]
[debug] [2026-02-16T20:02:50.162Z] Checked if tokens are valid: true, expires at: 1771274832221
[debug] [2026-02-16T20:02:50.162Z] Checked if tokens are valid: true, expires at: 1771274832221
[debug] [2026-02-16T20:02:50.163Z] >>> [apiv2][query] POST https://cloudresourcemanager.googleapis.com/v1/projects/mark-overseas:testIamPermissions [none]
[debug] [2026-02-16T20:02:50.163Z] >>> [apiv2][(partial)header] POST https://cloudresourcemanager.googleapis.com/v1/projects/mark-overseas:testIamPermissions  x-goog-user-project=mark-overseas
[debug] [2026-02-16T20:02:50.163Z] >>> [apiv2][body] POST https://cloudresourcemanager.googleapis.com/v1/projects/mark-overseas:testIamPermissions {"permissions":["cloudfunctions.functions.create","cloudfunctions.functions.delete","cloudfunctions.functions.get","cloudfunctions.functions.list","cloudfunctions.functions.update","cloudfunctions.operations.get","firebase.projects.get"]}
[debug] [2026-02-16T20:02:52.110Z] <<< [apiv2][status] POST https://cloudresourcemanager.googleapis.com/v1/projects/mark-overseas:testIamPermissions 200
[debug] [2026-02-16T20:02:52.111Z] <<< [apiv2][body] POST https://cloudresourcemanager.googleapis.com/v1/projects/mark-overseas:testIamPermissions {"permissions":["cloudfunctions.functions.create","cloudfunctions.functions.delete","cloudfunctions.functions.get","cloudfunctions.functions.list","cloudfunctions.functions.update","cloudfunctions.operations.get","firebase.projects.get"]}
[debug] [2026-02-16T20:02:52.112Z] Checked if tokens are valid: true, expires at: 1771274832221
[debug] [2026-02-16T20:02:52.112Z] Checked if tokens are valid: true, expires at: 1771274832221
[debug] [2026-02-16T20:02:52.112Z] >>> [apiv2][query] POST https://iam.googleapis.com/v1/projects/mark-overseas/serviceAccounts/mark-overseas@appspot.gserviceaccount.com:testIamPermissions [none]
[debug] [2026-02-16T20:02:52.112Z] >>> [apiv2][body] POST https://iam.googleapis.com/v1/projects/mark-overseas/serviceAccounts/mark-overseas@appspot.gserviceaccount.com:testIamPermissions {"permissions":["iam.serviceAccounts.actAs"]}
[debug] [2026-02-16T20:02:54.275Z] <<< [apiv2][status] POST https://iam.googleapis.com/v1/projects/mark-overseas/serviceAccounts/mark-overseas@appspot.gserviceaccount.com:testIamPermissions 200
[debug] [2026-02-16T20:02:54.276Z] <<< [apiv2][body] POST https://iam.googleapis.com/v1/projects/mark-overseas/serviceAccounts/mark-overseas@appspot.gserviceaccount.com:testIamPermissions {"permissions":["iam.serviceAccounts.actAs"]}
[info] 
[info] === Deploying to 'mark-overseas'...
[info] 
[info] i  deploying functions 
[debug] [2026-02-16T20:02:54.282Z] Checked if tokens are valid: true, expires at: 1771274832221
[debug] [2026-02-16T20:02:54.282Z] Checked if tokens are valid: true, expires at: 1771274832221
[debug] [2026-02-16T20:02:54.282Z] >>> [apiv2][query] GET https://cloudresourcemanager.googleapis.com/v1/projects/mark-overseas [none]
[debug] [2026-02-16T20:02:54.641Z] <<< [apiv2][status] GET https://cloudresourcemanager.googleapis.com/v1/projects/mark-overseas 200
[debug] [2026-02-16T20:02:54.641Z] <<< [apiv2][body] GET https://cloudresourcemanager.googleapis.com/v1/projects/mark-overseas {"projectNumber":"558178626256","projectId":"mark-overseas","lifecycleState":"ACTIVE","name":"MARK OVERSEAS","labels":{"firebase":"enabled","firebase-core":"disabled"},"createTime":"2026-02-14T09:49:52.262953Z"}
[info] i  functions: preparing codebase default for deployment 
[info] i  functions: ensuring required API cloudfunctions.googleapis.com is enabled... 
[info] i  functions: ensuring required API cloudbuild.googleapis.com is enabled... 
[debug] [2026-02-16T20:02:54.644Z] Checked if tokens are valid: true, expires at: 1771274832221
[debug] [2026-02-16T20:02:54.644Z] Checked if tokens are valid: true, expires at: 1771274832221
[info] i  artifactregistry: ensuring required API artifactregistry.googleapis.com is enabled... 
[debug] [2026-02-16T20:02:54.644Z] Checked if tokens are valid: true, expires at: 1771274832221
[debug] [2026-02-16T20:02:54.644Z] Checked if tokens are valid: true, expires at: 1771274832221
[debug] [2026-02-16T20:02:54.644Z] >>> [apiv2][query] GET https://serviceusage.googleapis.com/v1/projects/mark-overseas/services/cloudbuild.googleapis.com [none]
[debug] [2026-02-16T20:02:54.644Z] >>> [apiv2][(partial)header] GET https://serviceusage.googleapis.com/v1/projects/mark-overseas/services/cloudbuild.googleapis.com  x-goog-user-project=mark-overseas
[debug] [2026-02-16T20:02:54.646Z] >>> [apiv2][query] GET https://serviceusage.googleapis.com/v1/projects/mark-overseas/services/artifactregistry.googleapis.com [none]
[debug] [2026-02-16T20:02:54.646Z] >>> [apiv2][(partial)header] GET https://serviceusage.googleapis.com/v1/projects/mark-overseas/services/artifactregistry.googleapis.com  x-goog-user-project=mark-overseas
[debug] [2026-02-16T20:02:56.833Z] <<< [apiv2][status] GET https://serviceusage.googleapis.com/v1/projects/mark-overseas/services/cloudbuild.googleapis.com 200
[debug] [2026-02-16T20:02:56.833Z] <<< [apiv2][body] GET https://serviceusage.googleapis.com/v1/projects/mark-overseas/services/cloudbuild.googleapis.com [omitted]
[warn] !  functions: missing required API cloudbuild.googleapis.com. Enabling now... 
[debug] [2026-02-16T20:02:56.834Z] Checked if tokens are valid: true, expires at: 1771274832221
[debug] [2026-02-16T20:02:56.834Z] Checked if tokens are valid: true, expires at: 1771274832221
[debug] [2026-02-16T20:02:56.834Z] >>> [apiv2][query] POST https://serviceusage.googleapis.com/v1/projects/mark-overseas/services/cloudbuild.googleapis.com:enable [none]
[debug] [2026-02-16T20:02:56.834Z] >>> [apiv2][(partial)header] POST https://serviceusage.googleapis.com/v1/projects/mark-overseas/services/cloudbuild.googleapis.com:enable  x-goog-user-project=mark-overseas
[debug] [2026-02-16T20:02:56.843Z] <<< [apiv2][status] GET https://serviceusage.googleapis.com/v1/projects/mark-overseas/services/artifactregistry.googleapis.com 200
[debug] [2026-02-16T20:02:56.843Z] <<< [apiv2][body] GET https://serviceusage.googleapis.com/v1/projects/mark-overseas/services/artifactregistry.googleapis.com [omitted]
[warn] !  artifactregistry: missing required API artifactregistry.googleapis.com. Enabling now... 
[debug] [2026-02-16T20:02:56.844Z] Checked if tokens are valid: true, expires at: 1771274832221
[debug] [2026-02-16T20:02:56.844Z] Checked if tokens are valid: true, expires at: 1771274832221
[debug] [2026-02-16T20:02:56.844Z] >>> [apiv2][query] POST https://serviceusage.googleapis.com/v1/projects/mark-overseas/services/artifactregistry.googleapis.com:enable [none]
[debug] [2026-02-16T20:02:56.844Z] >>> [apiv2][(partial)header] POST https://serviceusage.googleapis.com/v1/projects/mark-overseas/services/artifactregistry.googleapis.com:enable  x-goog-user-project=mark-overseas
[debug] [2026-02-16T20:02:58.518Z] <<< [apiv2][status] POST https://serviceusage.googleapis.com/v1/projects/mark-overseas/services/artifactregistry.googleapis.com:enable 400
[debug] [2026-02-16T20:02:58.519Z] <<< [apiv2][body] POST https://serviceusage.googleapis.com/v1/projects/mark-overseas/services/artifactregistry.googleapis.com:enable [omitted]
[debug] [2026-02-16T20:02:58.553Z] <<< [apiv2][status] POST https://serviceusage.googleapis.com/v1/projects/mark-overseas/services/cloudbuild.googleapis.com:enable 400
[debug] [2026-02-16T20:02:58.553Z] <<< [apiv2][body] POST https://serviceusage.googleapis.com/v1/projects/mark-overseas/services/cloudbuild.googleapis.com:enable [omitted]
[error] 
[error] Error: Your project mark-overseas must be on the Blaze (pay-as-you-go) plan to complete this command. Required API artifactregistry.googleapis.com can't be enabled until the upgrade is complete. To upgrade, visit the following URL:

https://console.firebase.google.com/project/mark-overseas/usage/details
[debug] [2026-02-16T20:02:59.299Z] Error: EBUSY: resource busy or locked, unlink 'C:\Users\bhumi\Desktop\clone\mark-overseas\firebase-debug.log'
    at Object.unlinkSync (node:fs:1953:11)
    at process.<anonymous> (C:\Users\bhumi\AppData\Roaming\npm\node_modules\firebase-tools\lib\bin\cli.js:44:16)
    at process.emit (node:events:530:35)
    at process.exit (node:internal/process/per_thread:184:15)
    at Timeout._onTimeout (C:\Users\bhumi\AppData\Roaming\npm\node_modules\firebase-tools\lib\errorOut.js:20:17)
    at listOnTimeout (node:internal/timers:594:17)
    at process.processTimers (node:internal/timers:529:7)
[error] 
[error] Error: An unexpected error has occurred.
